[54600:78020:1004/014223:INFO:AppRunner.cpp(619)] Begin run process geeplayer
[54600:78020:1004/014223:INFO:AppRunner.cpp(623)] ProductName is GeePlayer1
[54600:78020:1004/014223:INFO:AppRunner.cpp(662)] apppluginbase version is 4.3.4.77
[54600:78020:1004/014223:INFO:UIlib.cpp(192)] quilib: version is 4.3.4.75
[54600:78020:1004/014223:INFO:serviceManager.cpp(687)] mainprocessisrunning key is set as 1
[54600:78020:1004/014223:INFO:serviceManager.cpp(800)] create local service plugin PluginServerStatePlugin
[54600:78020:1004/014223:INFO:serviceManager.cpp(857)] plugin PluginServerStatePlugin DoPluginInit
[54600:78020:1004/014223:INFO:serviceManager.cpp(1523)] repository parse over
[54600:78020:1004/014224:INFO:UIManager.cpp(372)] quilib:call set resouce path, path is c:\program files (x86)\geeplayer\2.3.28.2725\skin
[54600:78020:1004/014224:INFO:UIDlgBuilder.cpp(407)] quilib:create root control failed
[54600:78020:1004/014224:INFO:UIDlgBuilder.cpp(407)] quilib:create root control failed
[54600:78020:1004/014224:INFO:UIDlgBuilder.cpp(407)] quilib:create root control failed
[54600:78020:1004/014224:INFO:UIDlgBuilder.cpp(407)] quilib:create root control failed
[54600:78020:1004/014241:INFO:AppRunner.cpp(715)] loop exit geeplayer call main plugin DestoryPluginEntry
[54600:78020:1004/014241:INFO:IPlugin.cpp(117)] real plugin mainPlugin call DestroyPlugin
[54600:78020:1004/014241:INFO:IPlugin.cpp(374)] destruct plugin mainPlugin
[54600:78020:1004/014241:INFO:serviceManager.cpp(1608)] mainPlugin plugin had destroy by DestructPlugin
[54600:78020:1004/014241:INFO:serviceManager.cpp(2532)] DestructManager begin
[54600:78020:1004/014241:INFO:IPlugin.cpp(374)] destruct plugin PluginServerStatePlugin
[54600:78020:1004/014241:INFO:IPlugin.cpp(286)] real plugin PluginServerStatePlugin call DestroyPlugin
[54600:78020:1004/014241:INFO:serviceManager.cpp(1608)] PluginServerStatePlugin plugin had destroy by DestructPlugin
[54600:78020:1004/014241:INFO:serviceManager.cpp(2408)] DeleteLeftPlugins begin
[54600:78020:1004/014241:INFO:serviceManager.cpp(2470)] DeleteLeftPlugins end
[54600:78020:1004/014241:INFO:serviceManager.cpp(687)] mainprocessisrunning key is set as 0
[54600:78020:1004/014241:INFO:AppRunner.cpp(730)] close mutex of process geeplayer
[54600:78020:1004/014241:INFO:AppRunner.cpp(738)] run process geeplayer end
