[93180:98440:1207/211414:INFO:AppRunner.cpp(619)] Begin run process geeplayer
[93180:98440:1207/211414:INFO:AppRunner.cpp(623)] ProductName is GeePlayer1
[93180:98440:1207/211414:INFO:AppRunner.cpp(662)] apppluginbase version is 4.3.4.77
[93180:98440:1207/211414:INFO:UIlib.cpp(192)] quilib: version is 4.3.4.75
[93180:98440:1207/211414:INFO:serviceManager.cpp(687)] mainprocessisrunning key is set as 1
[93180:98440:1207/211414:INFO:serviceManager.cpp(800)] create local service plugin PluginServerStatePlugin
[93180:98440:1207/211414:INFO:serviceManager.cpp(857)] plugin PluginServerStatePlugin DoPluginInit
[93180:98440:1207/211414:INFO:serviceManager.cpp(1523)] repository parse over
[93180:98440:1207/211415:INFO:UIManager.cpp(372)] quilib:call set resouce path, path is c:\program files (x86)\geeplayer\2.3.28.2725\skin
[93180:98440:1207/211415:INFO:UIDlgBuilder.cpp(407)] quilib:create root control failed
[93180:98440:1207/211415:INFO:UIDlgBuilder.cpp(407)] quilib:create root control failed
[93180:98440:1207/211415:INFO:UIDlgBuilder.cpp(407)] quilib:create root control failed
[93180:98440:1207/211415:INFO:UIDlgBuilder.cpp(407)] quilib:create root control failed
[93180:98440:1207/211419:INFO:AppRunner.cpp(715)] loop exit geeplayer call main plugin DestoryPluginEntry
[93180:98440:1207/211419:INFO:IPlugin.cpp(117)] real plugin mainPlugin call DestroyPlugin
[93180:98440:1207/211419:INFO:IPlugin.cpp(374)] destruct plugin mainPlugin
[93180:98440:1207/211419:INFO:serviceManager.cpp(1608)] mainPlugin plugin had destroy by DestructPlugin
[93180:98440:1207/211419:INFO:serviceManager.cpp(2532)] DestructManager begin
[93180:98440:1207/211419:INFO:IPlugin.cpp(374)] destruct plugin PluginServerStatePlugin
[93180:98440:1207/211419:INFO:IPlugin.cpp(286)] real plugin PluginServerStatePlugin call DestroyPlugin
[93180:98440:1207/211419:INFO:serviceManager.cpp(1608)] PluginServerStatePlugin plugin had destroy by DestructPlugin
[93180:98440:1207/211419:INFO:serviceManager.cpp(2408)] DeleteLeftPlugins begin
[93180:98440:1207/211419:INFO:serviceManager.cpp(2470)] DeleteLeftPlugins end
[93180:98440:1207/211419:INFO:serviceManager.cpp(687)] mainprocessisrunning key is set as 0
[93180:98440:1207/211419:INFO:AppRunner.cpp(730)] close mutex of process geeplayer
[93180:98440:1207/211419:INFO:AppRunner.cpp(738)] run process geeplayer end
[149636:93220:1207/211445:INFO:AppRunner.cpp(619)] Begin run process geeplayer
[149636:93220:1207/211445:INFO:AppRunner.cpp(623)] ProductName is GeePlayer1
[149636:93220:1207/211445:INFO:AppRunner.cpp(662)] apppluginbase version is 4.3.4.77
[149636:93220:1207/211445:INFO:UIlib.cpp(192)] quilib: version is 4.3.4.75
[149636:93220:1207/211445:INFO:serviceManager.cpp(687)] mainprocessisrunning key is set as 1
[149636:93220:1207/211445:INFO:serviceManager.cpp(800)] create local service plugin PluginServerStatePlugin
[149636:93220:1207/211445:INFO:serviceManager.cpp(857)] plugin PluginServerStatePlugin DoPluginInit
[149636:93220:1207/211445:INFO:serviceManager.cpp(1523)] repository parse over
[149636:93220:1207/211446:INFO:UIManager.cpp(372)] quilib:call set resouce path, path is c:\program files (x86)\geeplayer\2.3.28.2725\skin
[149636:93220:1207/211446:INFO:UIDlgBuilder.cpp(407)] quilib:create root control failed
[149636:93220:1207/211446:INFO:UIDlgBuilder.cpp(407)] quilib:create root control failed
[149636:93220:1207/211446:INFO:UIDlgBuilder.cpp(407)] quilib:create root control failed
[149636:93220:1207/211446:INFO:UIDlgBuilder.cpp(407)] quilib:create root control failed
[149636:93220:1207/211451:INFO:AppRunner.cpp(715)] loop exit geeplayer call main plugin DestoryPluginEntry
[149636:93220:1207/211451:INFO:IPlugin.cpp(117)] real plugin mainPlugin call DestroyPlugin
[149636:93220:1207/211451:INFO:IPlugin.cpp(374)] destruct plugin mainPlugin
[149636:93220:1207/211451:INFO:serviceManager.cpp(1608)] mainPlugin plugin had destroy by DestructPlugin
[149636:93220:1207/211451:INFO:serviceManager.cpp(2532)] DestructManager begin
[149636:93220:1207/211451:INFO:IPlugin.cpp(374)] destruct plugin PluginServerStatePlugin
[149636:93220:1207/211451:INFO:IPlugin.cpp(286)] real plugin PluginServerStatePlugin call DestroyPlugin
[149636:93220:1207/211451:INFO:serviceManager.cpp(1608)] PluginServerStatePlugin plugin had destroy by DestructPlugin
[149636:93220:1207/211451:INFO:serviceManager.cpp(2408)] DeleteLeftPlugins begin
[149636:93220:1207/211451:INFO:serviceManager.cpp(2470)] DeleteLeftPlugins end
[149636:93220:1207/211451:INFO:serviceManager.cpp(687)] mainprocessisrunning key is set as 0
[149636:93220:1207/211451:INFO:AppRunner.cpp(730)] close mutex of process geeplayer
[149636:93220:1207/211451:INFO:AppRunner.cpp(738)] run process geeplayer end
[190124:190980:1207/211544:INFO:AppRunner.cpp(619)] Begin run process geeplayer
[190124:190980:1207/211544:INFO:AppRunner.cpp(623)] ProductName is GeePlayer1
[190124:190980:1207/211544:INFO:AppRunner.cpp(662)] apppluginbase version is 4.3.4.77
[190124:190980:1207/211544:INFO:UIlib.cpp(192)] quilib: version is 4.3.4.75
[190124:190980:1207/211544:INFO:serviceManager.cpp(687)] mainprocessisrunning key is set as 1
[190124:190980:1207/211544:INFO:serviceManager.cpp(800)] create local service plugin PluginServerStatePlugin
[190124:190980:1207/211544:INFO:serviceManager.cpp(857)] plugin PluginServerStatePlugin DoPluginInit
[190124:190980:1207/211544:INFO:serviceManager.cpp(1523)] repository parse over
[190124:190980:1207/211544:INFO:UIManager.cpp(372)] quilib:call set resouce path, path is c:\program files (x86)\geeplayer\2.3.28.2725\skin
[190124:190980:1207/211544:INFO:UIDlgBuilder.cpp(407)] quilib:create root control failed
[190124:190980:1207/211544:INFO:UIDlgBuilder.cpp(407)] quilib:create root control failed
[190124:190980:1207/211544:INFO:UIDlgBuilder.cpp(407)] quilib:create root control failed
[190124:190980:1207/211544:INFO:UIDlgBuilder.cpp(407)] quilib:create root control failed
[190124:190980:1207/211548:INFO:AppRunner.cpp(715)] loop exit geeplayer call main plugin DestoryPluginEntry
[190124:190980:1207/211548:INFO:IPlugin.cpp(117)] real plugin mainPlugin call DestroyPlugin
[190124:190980:1207/211548:INFO:IPlugin.cpp(374)] destruct plugin mainPlugin
[190124:190980:1207/211548:INFO:serviceManager.cpp(1608)] mainPlugin plugin had destroy by DestructPlugin
[190124:190980:1207/211548:INFO:serviceManager.cpp(2532)] DestructManager begin
[190124:190980:1207/211548:INFO:IPlugin.cpp(374)] destruct plugin PluginServerStatePlugin
[190124:190980:1207/211548:INFO:IPlugin.cpp(286)] real plugin PluginServerStatePlugin call DestroyPlugin
[190124:190980:1207/211548:INFO:serviceManager.cpp(1608)] PluginServerStatePlugin plugin had destroy by DestructPlugin
[190124:190980:1207/211548:INFO:serviceManager.cpp(2408)] DeleteLeftPlugins begin
[190124:190980:1207/211548:INFO:serviceManager.cpp(2470)] DeleteLeftPlugins end
[190124:190980:1207/211548:INFO:serviceManager.cpp(687)] mainprocessisrunning key is set as 0
[190124:190980:1207/211548:INFO:AppRunner.cpp(730)] close mutex of process geeplayer
[190124:190980:1207/211548:INFO:AppRunner.cpp(738)] run process geeplayer end
